[2022-10-19 10:17:07] INFO [main] ContextStartEventHandler.onApplicationEvent(20) | Context start application org.springframework.jdbc.datasource.DriverManagerDataSource@1a0b5323
[2022-10-19 10:17:07] INFO [main] ContextStartEventHandler.createTable(37) | Table HN_USER already exists!
[2022-10-19 10:17:07] INFO [main] ContextStartEventHandler.onApplicationEvent(20) | Context start application org.springframework.jdbc.datasource.DriverManagerDataSource@1a0b5323
[2022-10-19 10:17:07] INFO [main] ContextStartEventHandler.createTable(37) | Table HN_USER already exists!
[2022-10-19 10:17:07] INFO [main] ContextStartEventHandler.onApplicationEvent(20) | Context start application org.springframework.jdbc.datasource.DriverManagerDataSource@1a0b5323
[2022-10-19 10:17:07] INFO [main] ContextStartEventHandler.createTable(37) | Table HN_USER already exists!
[2022-10-19 10:17:07] INFO [main] ContextStartEventHandler.onApplicationEvent(20) | Context start application org.springframework.jdbc.datasource.DriverManagerDataSource@1a0b5323
[2022-10-19 10:17:07] INFO [main] ContextStartEventHandler.createTable(37) | Table HN_USER already exists!
[2022-10-19 10:17:07] INFO [main] ContextStartEventHandler.onApplicationEvent(20) | Context start application org.springframework.jdbc.datasource.DriverManagerDataSource@1a0b5323
[2022-10-19 10:17:07] INFO [main] ContextStartEventHandler.createTable(37) | Table HN_USER already exists!
[2022-10-19 10:17:07] INFO [main] ContextStartEventHandler.onApplicationEvent(20) | Context start application org.springframework.jdbc.datasource.DriverManagerDataSource@1a0b5323
[2022-10-19 10:17:07] INFO [main] ContextStartEventHandler.createTable(37) | Table HN_USER already exists!
[2022-10-19 10:17:07] INFO [main] ContextStartEventHandler.onApplicationEvent(20) | Context start application org.springframework.jdbc.datasource.DriverManagerDataSource@1a0b5323
[2022-10-19 10:17:07] INFO [main] ContextStartEventHandler.createTable(37) | Table HN_USER already exists!
[2022-10-19 10:17:35] INFO [http-nio-8080-exec-1] ContextStartEventHandler.onApplicationEvent(20) | Context start application org.springframework.jdbc.datasource.DriverManagerDataSource@1a0b5323
[2022-10-19 10:17:35] INFO [http-nio-8080-exec-1] ContextStartEventHandler.createTable(37) | Table HN_USER already exists!
[2022-10-19 10:17:37] INFO [http-nio-8080-exec-1] ContextStartEventHandler.onApplicationEvent(20) | Context start application org.springframework.jdbc.datasource.DriverManagerDataSource@1a0b5323
[2022-10-19 10:17:37] INFO [http-nio-8080-exec-1] ContextStartEventHandler.createTable(37) | Table HN_USER already exists!
[2022-10-19 10:17:37] INFO [http-nio-8080-exec-2] ContextStartEventHandler.onApplicationEvent(20) | Context start application org.springframework.jdbc.datasource.DriverManagerDataSource@1a0b5323
[2022-10-19 10:17:37] INFO [http-nio-8080-exec-2] ContextStartEventHandler.createTable(37) | Table HN_USER already exists!
[2022-10-19 10:17:37] INFO [http-nio-8080-exec-2] ContextStartEventHandler.onApplicationEvent(20) | Context start application org.springframework.jdbc.datasource.DriverManagerDataSource@1a0b5323
[2022-10-19 10:17:37] INFO [http-nio-8080-exec-2] ContextStartEventHandler.createTable(37) | Table HN_USER already exists!
[2022-10-19 10:17:37] INFO [http-nio-8080-exec-2] ContextStartEventHandler.onApplicationEvent(20) | Context start application org.springframework.jdbc.datasource.DriverManagerDataSource@1a0b5323
[2022-10-19 10:17:37] INFO [http-nio-8080-exec-2] ContextStartEventHandler.createTable(37) | Table HN_USER already exists!
[2022-10-19 10:17:52] INFO [http-nio-8080-exec-5] ContextStartEventHandler.onApplicationEvent(20) | Context start application org.springframework.jdbc.datasource.DriverManagerDataSource@1a0b5323
[2022-10-19 10:17:52] INFO [http-nio-8080-exec-5] ContextStartEventHandler.createTable(37) | Table HN_USER already exists!
[2022-10-19 10:17:52] INFO [http-nio-8080-exec-5] ContextStartEventHandler.onApplicationEvent(20) | Context start application org.springframework.jdbc.datasource.DriverManagerDataSource@1a0b5323
[2022-10-19 10:17:52] INFO [http-nio-8080-exec-5] ContextStartEventHandler.createTable(37) | Table HN_USER already exists!
[2022-10-19 10:18:02] INFO [http-nio-8080-exec-8] ContextStartEventHandler.onApplicationEvent(20) | Context start application org.springframework.jdbc.datasource.DriverManagerDataSource@1a0b5323
[2022-10-19 10:18:02] INFO [http-nio-8080-exec-8] ContextStartEventHandler.createTable(37) | Table HN_USER already exists!
[2022-10-19 10:18:02] INFO [http-nio-8080-exec-8] ContextStartEventHandler.onApplicationEvent(20) | Context start application org.springframework.jdbc.datasource.DriverManagerDataSource@1a0b5323
[2022-10-19 10:18:02] INFO [http-nio-8080-exec-8] ContextStartEventHandler.createTable(37) | Table HN_USER already exists!
[2022-10-19 10:18:05] INFO [http-nio-8080-exec-1] ContextStartEventHandler.onApplicationEvent(20) | Context start application org.springframework.jdbc.datasource.DriverManagerDataSource@1a0b5323
[2022-10-19 10:18:05] INFO [http-nio-8080-exec-1] ContextStartEventHandler.createTable(37) | Table HN_USER already exists!
[2022-10-19 10:18:05] INFO [http-nio-8080-exec-1] ContextStartEventHandler.onApplicationEvent(20) | Context start application org.springframework.jdbc.datasource.DriverManagerDataSource@1a0b5323
[2022-10-19 10:18:05] INFO [http-nio-8080-exec-1] ContextStartEventHandler.createTable(37) | Table HN_USER already exists!
[2022-10-19 10:18:09] INFO [http-nio-8080-exec-4] ContextStartEventHandler.onApplicationEvent(20) | Context start application org.springframework.jdbc.datasource.DriverManagerDataSource@1a0b5323
[2022-10-19 10:18:09] INFO [http-nio-8080-exec-4] ContextStartEventHandler.createTable(37) | Table HN_USER already exists!
[2022-10-19 10:18:15] INFO [http-nio-8080-exec-7] ContextStartEventHandler.onApplicationEvent(20) | Context start application org.springframework.jdbc.datasource.DriverManagerDataSource@1a0b5323
[2022-10-19 10:18:15] INFO [http-nio-8080-exec-7] ContextStartEventHandler.createTable(37) | Table HN_USER already exists!
[2022-10-19 10:18:15] INFO [http-nio-8080-exec-7] ContextStartEventHandler.onApplicationEvent(20) | Context start application org.springframework.jdbc.datasource.DriverManagerDataSource@1a0b5323
[2022-10-19 10:18:15] INFO [http-nio-8080-exec-7] ContextStartEventHandler.createTable(37) | Table HN_USER already exists!
[2022-10-19 10:18:20] INFO [http-nio-8080-exec-10] ContextStartEventHandler.onApplicationEvent(20) | Context start application org.springframework.jdbc.datasource.DriverManagerDataSource@1a0b5323
[2022-10-19 10:18:20] INFO [http-nio-8080-exec-10] ContextStartEventHandler.createTable(37) | Table HN_USER already exists!
[2022-10-19 10:18:23] INFO [http-nio-8080-exec-1] ContextStartEventHandler.onApplicationEvent(20) | Context start application org.springframework.jdbc.datasource.DriverManagerDataSource@1a0b5323
[2022-10-19 10:18:23] INFO [http-nio-8080-exec-1] ContextStartEventHandler.createTable(37) | Table HN_USER already exists!
[2022-10-19 10:18:23] INFO [http-nio-8080-exec-1] ContextStartEventHandler.onApplicationEvent(20) | Context start application org.springframework.jdbc.datasource.DriverManagerDataSource@1a0b5323
[2022-10-19 10:18:23] INFO [http-nio-8080-exec-1] ContextStartEventHandler.createTable(37) | Table HN_USER already exists!
[2022-10-19 10:20:51] INFO [SpringApplicationShutdownHook] ContextStartEventHandler.onApplicationEvent(20) | Context start application org.springframework.jdbc.datasource.DriverManagerDataSource@1a0b5323
[2022-10-19 10:20:51] INFO [SpringApplicationShutdownHook] ContextStartEventHandler.createTable(37) | Table HN_USER already exists!
[2022-10-19 10:20:51] INFO [SpringApplicationShutdownHook] ContextStartEventHandler.onApplicationEvent(20) | Context start application org.springframework.jdbc.datasource.DriverManagerDataSource@1a0b5323
[2022-10-19 10:20:51] INFO [SpringApplicationShutdownHook] ContextStartEventHandler.createTable(37) | Table HN_USER already exists!
[2022-10-19 10:21:02] INFO [main] ContextStartEventHandler.onApplicationEvent(20) | Context start application org.springframework.jdbc.datasource.DriverManagerDataSource@245ec1a6
[2022-10-19 10:21:03] INFO [main] ContextStartEventHandler.createTable(37) | Table HN_USER already exists!
[2022-10-19 10:21:03] INFO [main] ContextStartEventHandler.onApplicationEvent(20) | Context start application org.springframework.jdbc.datasource.DriverManagerDataSource@245ec1a6
[2022-10-19 10:21:03] INFO [main] ContextStartEventHandler.createTable(37) | Table HN_USER already exists!
[2022-10-19 10:21:03] INFO [main] ContextStartEventHandler.onApplicationEvent(20) | Context start application org.springframework.jdbc.datasource.DriverManagerDataSource@245ec1a6
[2022-10-19 10:21:03] INFO [main] ContextStartEventHandler.createTable(37) | Table HN_USER already exists!
[2022-10-19 10:21:03] INFO [main] ContextStartEventHandler.onApplicationEvent(20) | Context start application org.springframework.jdbc.datasource.DriverManagerDataSource@245ec1a6
[2022-10-19 10:21:03] INFO [main] ContextStartEventHandler.createTable(37) | Table HN_USER already exists!
[2022-10-19 10:21:03] INFO [main] ContextStartEventHandler.onApplicationEvent(20) | Context start application org.springframework.jdbc.datasource.DriverManagerDataSource@245ec1a6
[2022-10-19 10:21:03] INFO [main] ContextStartEventHandler.createTable(37) | Table HN_USER already exists!
[2022-10-19 10:21:03] INFO [main] ContextStartEventHandler.onApplicationEvent(20) | Context start application org.springframework.jdbc.datasource.DriverManagerDataSource@245ec1a6
[2022-10-19 10:21:03] INFO [main] ContextStartEventHandler.createTable(37) | Table HN_USER already exists!
[2022-10-19 10:21:03] INFO [main] ContextStartEventHandler.onApplicationEvent(20) | Context start application org.springframework.jdbc.datasource.DriverManagerDataSource@245ec1a6
[2022-10-19 10:21:03] INFO [main] ContextStartEventHandler.createTable(37) | Table HN_USER already exists!
[2022-10-19 10:21:04] INFO [http-nio-8080-exec-2] ContextStartEventHandler.onApplicationEvent(20) | Context start application org.springframework.jdbc.datasource.DriverManagerDataSource@245ec1a6
[2022-10-19 10:21:04] INFO [http-nio-8080-exec-2] ContextStartEventHandler.createTable(37) | Table HN_USER already exists!
[2022-10-19 10:21:09] INFO [http-nio-8080-exec-3] ContextStartEventHandler.authenticate(30) | -----> found edu.hanoi.jazz.dao.model.User@668ae2bc by sa
[2022-10-19 10:21:09] INFO [http-nio-8080-exec-3] ContextStartEventHandler.onApplicationEvent(20) | Context start application org.springframework.jdbc.datasource.DriverManagerDataSource@245ec1a6
[2022-10-19 10:21:09] INFO [http-nio-8080-exec-3] ContextStartEventHandler.createTable(37) | Table HN_USER already exists!
[2022-10-19 10:21:09] INFO [http-nio-8080-exec-3] ContextStartEventHandler.onApplicationEvent(20) | Context start application org.springframework.jdbc.datasource.DriverManagerDataSource@245ec1a6
[2022-10-19 10:21:09] INFO [http-nio-8080-exec-3] ContextStartEventHandler.createTable(37) | Table HN_USER already exists!
[2022-10-19 10:21:09] INFO [http-nio-8080-exec-3] ContextStartEventHandler.onApplicationEvent(20) | Context start application org.springframework.jdbc.datasource.DriverManagerDataSource@245ec1a6
[2022-10-19 10:21:09] INFO [http-nio-8080-exec-3] ContextStartEventHandler.createTable(37) | Table HN_USER already exists!
[2022-10-19 10:21:09] INFO [http-nio-8080-exec-1] ContextStartEventHandler.authenticate(30) | -----> found edu.hanoi.jazz.dao.model.User@12850c92 by sa
[2022-10-19 10:21:09] INFO [http-nio-8080-exec-1] ContextStartEventHandler.onApplicationEvent(20) | Context start application org.springframework.jdbc.datasource.DriverManagerDataSource@245ec1a6
[2022-10-19 10:21:09] INFO [http-nio-8080-exec-1] ContextStartEventHandler.createTable(37) | Table HN_USER already exists!
[2022-10-19 10:21:09] INFO [http-nio-8080-exec-4] ContextStartEventHandler.onApplicationEvent(20) | Context start application org.springframework.jdbc.datasource.DriverManagerDataSource@245ec1a6
[2022-10-19 10:21:09] INFO [http-nio-8080-exec-4] ContextStartEventHandler.createTable(37) | Table HN_USER already exists!
[2022-10-19 10:21:23] INFO [SpringApplicationShutdownHook] ContextStartEventHandler.onApplicationEvent(20) | Context start application org.springframework.jdbc.datasource.DriverManagerDataSource@245ec1a6
[2022-10-19 10:21:23] INFO [SpringApplicationShutdownHook] ContextStartEventHandler.createTable(37) | Table HN_USER already exists!
[2022-10-19 10:21:23] INFO [SpringApplicationShutdownHook] ContextStartEventHandler.onApplicationEvent(20) | Context start application org.springframework.jdbc.datasource.DriverManagerDataSource@245ec1a6
[2022-10-19 10:21:23] INFO [SpringApplicationShutdownHook] ContextStartEventHandler.createTable(37) | Table HN_USER already exists!
[2022-10-19 10:21:33] INFO [main] ContextStartEventHandler.onApplicationEvent(20) | Context start application org.springframework.jdbc.datasource.DriverManagerDataSource@25b52284
[2022-10-19 10:21:33] INFO [main] ContextStartEventHandler.createTable(37) | Table HN_USER already exists!
[2022-10-19 10:21:33] INFO [main] ContextStartEventHandler.onApplicationEvent(20) | Context start application org.springframework.jdbc.datasource.DriverManagerDataSource@25b52284
[2022-10-19 10:21:33] INFO [main] ContextStartEventHandler.createTable(37) | Table HN_USER already exists!
[2022-10-19 10:21:33] INFO [main] ContextStartEventHandler.onApplicationEvent(20) | Context start application org.springframework.jdbc.datasource.DriverManagerDataSource@25b52284
[2022-10-19 10:21:33] INFO [main] ContextStartEventHandler.createTable(37) | Table HN_USER already exists!
[2022-10-19 10:21:33] INFO [main] ContextStartEventHandler.onApplicationEvent(20) | Context start application org.springframework.jdbc.datasource.DriverManagerDataSource@25b52284
[2022-10-19 10:21:33] INFO [main] ContextStartEventHandler.createTable(37) | Table HN_USER already exists!
[2022-10-19 10:21:33] INFO [main] ContextStartEventHandler.onApplicationEvent(20) | Context start application org.springframework.jdbc.datasource.DriverManagerDataSource@25b52284
[2022-10-19 10:21:33] INFO [main] ContextStartEventHandler.createTable(37) | Table HN_USER already exists!
[2022-10-19 10:21:33] INFO [main] ContextStartEventHandler.onApplicationEvent(20) | Context start application org.springframework.jdbc.datasource.DriverManagerDataSource@25b52284
[2022-10-19 10:21:33] INFO [main] ContextStartEventHandler.createTable(37) | Table HN_USER already exists!
[2022-10-19 10:21:33] INFO [main] ContextStartEventHandler.onApplicationEvent(20) | Context start application org.springframework.jdbc.datasource.DriverManagerDataSource@25b52284
[2022-10-19 10:21:33] INFO [main] ContextStartEventHandler.createTable(37) | Table HN_USER already exists!
[2022-10-19 10:21:40] INFO [http-nio-8080-exec-2] ContextStartEventHandler.onApplicationEvent(20) | Context start application org.springframework.jdbc.datasource.DriverManagerDataSource@25b52284
[2022-10-19 10:21:40] INFO [http-nio-8080-exec-2] ContextStartEventHandler.createTable(37) | Table HN_USER already exists!
[2022-10-19 10:21:44] INFO [http-nio-8080-exec-1] ContextStartEventHandler.onApplicationEvent(20) | Context start application org.springframework.jdbc.datasource.DriverManagerDataSource@25b52284
[2022-10-19 10:21:44] INFO [http-nio-8080-exec-1] ContextStartEventHandler.createTable(37) | Table HN_USER already exists!
[2022-10-19 10:21:44] INFO [http-nio-8080-exec-3] ContextStartEventHandler.onApplicationEvent(20) | Context start application org.springframework.jdbc.datasource.DriverManagerDataSource@25b52284
[2022-10-19 10:21:44] INFO [http-nio-8080-exec-3] ContextStartEventHandler.createTable(37) | Table HN_USER already exists!
[2022-10-19 10:21:50] INFO [http-nio-8080-exec-4] ContextStartEventHandler.onApplicationEvent(20) | Context start application org.springframework.jdbc.datasource.DriverManagerDataSource@25b52284
[2022-10-19 10:21:50] INFO [http-nio-8080-exec-4] ContextStartEventHandler.createTable(37) | Table HN_USER already exists!
[2022-10-19 10:21:50] INFO [http-nio-8080-exec-5] ContextStartEventHandler.onApplicationEvent(20) | Context start application org.springframework.jdbc.datasource.DriverManagerDataSource@25b52284
[2022-10-19 10:21:50] INFO [http-nio-8080-exec-5] ContextStartEventHandler.createTable(37) | Table HN_USER already exists!
[2022-10-19 10:21:53] INFO [http-nio-8080-exec-6] ContextStartEventHandler.onApplicationEvent(20) | Context start application org.springframework.jdbc.datasource.DriverManagerDataSource@25b52284
[2022-10-19 10:21:53] INFO [http-nio-8080-exec-6] ContextStartEventHandler.createTable(37) | Table HN_USER already exists!
[2022-10-19 10:21:53] INFO [http-nio-8080-exec-7] ContextStartEventHandler.onApplicationEvent(20) | Context start application org.springframework.jdbc.datasource.DriverManagerDataSource@25b52284
[2022-10-19 10:21:53] INFO [http-nio-8080-exec-7] ContextStartEventHandler.createTable(37) | Table HN_USER already exists!
[2022-10-19 10:24:03] INFO [SpringApplicationShutdownHook] ContextStartEventHandler.onApplicationEvent(20) | Context start application org.springframework.jdbc.datasource.DriverManagerDataSource@25b52284
[2022-10-19 10:24:03] INFO [SpringApplicationShutdownHook] ContextStartEventHandler.createTable(37) | Table HN_USER already exists!
[2022-10-19 10:24:03] INFO [SpringApplicationShutdownHook] ContextStartEventHandler.onApplicationEvent(20) | Context start application org.springframework.jdbc.datasource.DriverManagerDataSource@25b52284
[2022-10-19 10:24:03] INFO [SpringApplicationShutdownHook] ContextStartEventHandler.createTable(37) | Table HN_USER already exists!
[2022-10-19 10:24:13] INFO [main] ContextStartEventHandler.onApplicationEvent(20) | Context start application org.springframework.jdbc.datasource.DriverManagerDataSource@1a0b5323
[2022-10-19 10:24:13] INFO [main] ContextStartEventHandler.createTable(37) | Table HN_USER already exists!
[2022-10-19 10:24:13] INFO [main] ContextStartEventHandler.onApplicationEvent(20) | Context start application org.springframework.jdbc.datasource.DriverManagerDataSource@1a0b5323
[2022-10-19 10:24:13] INFO [main] ContextStartEventHandler.createTable(37) | Table HN_USER already exists!
[2022-10-19 10:24:13] INFO [main] ContextStartEventHandler.onApplicationEvent(20) | Context start application org.springframework.jdbc.datasource.DriverManagerDataSource@1a0b5323
[2022-10-19 10:24:13] INFO [main] ContextStartEventHandler.createTable(37) | Table HN_USER already exists!
[2022-10-19 10:24:13] INFO [main] ContextStartEventHandler.onApplicationEvent(20) | Context start application org.springframework.jdbc.datasource.DriverManagerDataSource@1a0b5323
[2022-10-19 10:24:13] INFO [main] ContextStartEventHandler.createTable(37) | Table HN_USER already exists!
[2022-10-19 10:24:13] INFO [main] ContextStartEventHandler.onApplicationEvent(20) | Context start application org.springframework.jdbc.datasource.DriverManagerDataSource@1a0b5323
[2022-10-19 10:24:13] INFO [main] ContextStartEventHandler.createTable(37) | Table HN_USER already exists!
[2022-10-19 10:24:13] INFO [main] ContextStartEventHandler.onApplicationEvent(20) | Context start application org.springframework.jdbc.datasource.DriverManagerDataSource@1a0b5323
[2022-10-19 10:24:13] INFO [main] ContextStartEventHandler.createTable(37) | Table HN_USER already exists!
[2022-10-19 10:24:13] INFO [main] ContextStartEventHandler.onApplicationEvent(20) | Context start application org.springframework.jdbc.datasource.DriverManagerDataSource@1a0b5323
[2022-10-19 10:24:13] INFO [main] ContextStartEventHandler.createTable(37) | Table HN_USER already exists!
[2022-10-19 10:24:22] INFO [http-nio-8080-exec-1] ContextStartEventHandler.onApplicationEvent(20) | Context start application org.springframework.jdbc.datasource.DriverManagerDataSource@1a0b5323
[2022-10-19 10:24:22] INFO [http-nio-8080-exec-1] ContextStartEventHandler.createTable(37) | Table HN_USER already exists!
[2022-10-19 10:24:23] INFO [http-nio-8080-exec-1] ContextStartEventHandler.onApplicationEvent(20) | Context start application org.springframework.jdbc.datasource.DriverManagerDataSource@1a0b5323
[2022-10-19 10:24:23] INFO [http-nio-8080-exec-1] ContextStartEventHandler.createTable(37) | Table HN_USER already exists!
[2022-10-19 10:24:25] INFO [http-nio-8080-exec-2] ContextStartEventHandler.onApplicationEvent(20) | Context start application org.springframework.jdbc.datasource.DriverManagerDataSource@1a0b5323
[2022-10-19 10:24:25] INFO [http-nio-8080-exec-2] ContextStartEventHandler.createTable(37) | Table HN_USER already exists!
[2022-10-19 10:24:30] INFO [http-nio-8080-exec-3] ContextStartEventHandler.onApplicationEvent(20) | Context start application org.springframework.jdbc.datasource.DriverManagerDataSource@1a0b5323
[2022-10-19 10:24:30] INFO [http-nio-8080-exec-3] ContextStartEventHandler.createTable(37) | Table HN_USER already exists!
[2022-10-19 10:24:30] INFO [http-nio-8080-exec-6] ContextStartEventHandler.onApplicationEvent(20) | Context start application org.springframework.jdbc.datasource.DriverManagerDataSource@1a0b5323
[2022-10-19 10:24:30] INFO [http-nio-8080-exec-6] ContextStartEventHandler.createTable(37) | Table HN_USER already exists!
[2022-10-19 10:25:37] INFO [http-nio-8080-exec-7] ContextStartEventHandler.onApplicationEvent(20) | Context start application org.springframework.jdbc.datasource.DriverManagerDataSource@1a0b5323
[2022-10-19 10:25:37] INFO [http-nio-8080-exec-7] ContextStartEventHandler.createTable(37) | Table HN_USER already exists!
[2022-10-19 10:25:37] INFO [http-nio-8080-exec-8] ContextStartEventHandler.onApplicationEvent(20) | Context start application org.springframework.jdbc.datasource.DriverManagerDataSource@1a0b5323
[2022-10-19 10:25:37] INFO [http-nio-8080-exec-8] ContextStartEventHandler.createTable(37) | Table HN_USER already exists!
[2022-10-19 10:29:09] INFO [SpringApplicationShutdownHook] ContextStartEventHandler.onApplicationEvent(20) | Context start application org.springframework.jdbc.datasource.DriverManagerDataSource@1a0b5323
[2022-10-19 10:29:09] INFO [SpringApplicationShutdownHook] ContextStartEventHandler.createTable(37) | Table HN_USER already exists!
[2022-10-19 10:29:09] INFO [SpringApplicationShutdownHook] ContextStartEventHandler.onApplicationEvent(20) | Context start application org.springframework.jdbc.datasource.DriverManagerDataSource@1a0b5323
[2022-10-19 10:29:09] INFO [SpringApplicationShutdownHook] ContextStartEventHandler.createTable(37) | Table HN_USER already exists!
[2022-10-19 10:29:21] INFO [main] ContextStartEventHandler.onApplicationEvent(20) | Context start application org.springframework.jdbc.datasource.DriverManagerDataSource@71d9cb05
[2022-10-19 10:29:21] INFO [main] ContextStartEventHandler.createTable(37) | Table HN_USER already exists!
[2022-10-19 10:29:21] INFO [main] ContextStartEventHandler.onApplicationEvent(20) | Context start application org.springframework.jdbc.datasource.DriverManagerDataSource@71d9cb05
[2022-10-19 10:29:21] INFO [main] ContextStartEventHandler.createTable(37) | Table HN_USER already exists!
[2022-10-19 10:29:21] INFO [main] ContextStartEventHandler.onApplicationEvent(20) | Context start application org.springframework.jdbc.datasource.DriverManagerDataSource@71d9cb05
[2022-10-19 10:29:21] INFO [main] ContextStartEventHandler.createTable(37) | Table HN_USER already exists!
[2022-10-19 10:29:21] INFO [main] ContextStartEventHandler.onApplicationEvent(20) | Context start application org.springframework.jdbc.datasource.DriverManagerDataSource@71d9cb05
[2022-10-19 10:29:21] INFO [main] ContextStartEventHandler.createTable(37) | Table HN_USER already exists!
[2022-10-19 10:29:21] INFO [main] ContextStartEventHandler.onApplicationEvent(20) | Context start application org.springframework.jdbc.datasource.DriverManagerDataSource@71d9cb05
[2022-10-19 10:29:21] INFO [main] ContextStartEventHandler.createTable(37) | Table HN_USER already exists!
[2022-10-19 10:29:21] INFO [main] ContextStartEventHandler.onApplicationEvent(20) | Context start application org.springframework.jdbc.datasource.DriverManagerDataSource@71d9cb05
[2022-10-19 10:29:21] INFO [main] ContextStartEventHandler.createTable(37) | Table HN_USER already exists!
[2022-10-19 10:29:21] INFO [main] ContextStartEventHandler.onApplicationEvent(20) | Context start application org.springframework.jdbc.datasource.DriverManagerDataSource@71d9cb05
[2022-10-19 10:29:21] INFO [main] ContextStartEventHandler.createTable(37) | Table HN_USER already exists!
[2022-10-19 10:29:22] INFO [http-nio-8080-exec-2] ContextStartEventHandler.onApplicationEvent(20) | Context start application org.springframework.jdbc.datasource.DriverManagerDataSource@71d9cb05
[2022-10-19 10:29:22] INFO [http-nio-8080-exec-2] ContextStartEventHandler.createTable(37) | Table HN_USER already exists!
[2022-10-19 10:29:28] INFO [http-nio-8080-exec-1] ContextStartEventHandler.onApplicationEvent(20) | Context start application org.springframework.jdbc.datasource.DriverManagerDataSource@71d9cb05
[2022-10-19 10:29:28] INFO [http-nio-8080-exec-1] ContextStartEventHandler.createTable(37) | Table HN_USER already exists!
[2022-10-19 10:29:29] INFO [http-nio-8080-exec-1] ContextStartEventHandler.onApplicationEvent(20) | Context start application org.springframework.jdbc.datasource.DriverManagerDataSource@71d9cb05
[2022-10-19 10:29:29] INFO [http-nio-8080-exec-1] ContextStartEventHandler.createTable(37) | Table HN_USER already exists!
[2022-10-19 10:29:29] INFO [http-nio-8080-exec-1] ContextStartEventHandler.onApplicationEvent(20) | Context start application org.springframework.jdbc.datasource.DriverManagerDataSource@71d9cb05
[2022-10-19 10:29:29] INFO [http-nio-8080-exec-1] ContextStartEventHandler.createTable(37) | Table HN_USER already exists!
[2022-10-19 10:30:52] INFO [SpringApplicationShutdownHook] ContextStartEventHandler.onApplicationEvent(20) | Context start application org.springframework.jdbc.datasource.DriverManagerDataSource@71d9cb05
[2022-10-19 10:30:52] INFO [SpringApplicationShutdownHook] ContextStartEventHandler.createTable(37) | Table HN_USER already exists!
[2022-10-19 10:30:52] INFO [SpringApplicationShutdownHook] ContextStartEventHandler.onApplicationEvent(20) | Context start application org.springframework.jdbc.datasource.DriverManagerDataSource@71d9cb05
[2022-10-19 10:30:52] INFO [SpringApplicationShutdownHook] ContextStartEventHandler.createTable(37) | Table HN_USER already exists!
[2022-10-19 10:31:04] INFO [main] ContextStartEventHandler.onApplicationEvent(20) | Context start application org.springframework.jdbc.datasource.DriverManagerDataSource@67efd2c2
[2022-10-19 10:31:04] INFO [main] ContextStartEventHandler.createTable(37) | Table HN_USER already exists!
[2022-10-19 10:31:04] INFO [main] ContextStartEventHandler.onApplicationEvent(20) | Context start application org.springframework.jdbc.datasource.DriverManagerDataSource@67efd2c2
[2022-10-19 10:31:04] INFO [main] ContextStartEventHandler.createTable(37) | Table HN_USER already exists!
[2022-10-19 10:31:04] INFO [main] ContextStartEventHandler.onApplicationEvent(20) | Context start application org.springframework.jdbc.datasource.DriverManagerDataSource@67efd2c2
[2022-10-19 10:31:04] INFO [main] ContextStartEventHandler.createTable(37) | Table HN_USER already exists!
[2022-10-19 10:31:04] INFO [main] ContextStartEventHandler.onApplicationEvent(20) | Context start application org.springframework.jdbc.datasource.DriverManagerDataSource@67efd2c2
[2022-10-19 10:31:04] INFO [main] ContextStartEventHandler.createTable(37) | Table HN_USER already exists!
[2022-10-19 10:31:04] INFO [main] ContextStartEventHandler.onApplicationEvent(20) | Context start application org.springframework.jdbc.datasource.DriverManagerDataSource@67efd2c2
[2022-10-19 10:31:04] INFO [main] ContextStartEventHandler.createTable(37) | Table HN_USER already exists!
[2022-10-19 10:31:04] INFO [main] ContextStartEventHandler.onApplicationEvent(20) | Context start application org.springframework.jdbc.datasource.DriverManagerDataSource@67efd2c2
[2022-10-19 10:31:04] INFO [main] ContextStartEventHandler.createTable(37) | Table HN_USER already exists!
[2022-10-19 10:31:04] INFO [main] ContextStartEventHandler.onApplicationEvent(20) | Context start application org.springframework.jdbc.datasource.DriverManagerDataSource@67efd2c2
[2022-10-19 10:31:04] INFO [main] ContextStartEventHandler.createTable(37) | Table HN_USER already exists!
[2022-10-19 10:31:07] INFO [http-nio-8080-exec-1] ContextStartEventHandler.onApplicationEvent(20) | Context start application org.springframework.jdbc.datasource.DriverManagerDataSource@67efd2c2
[2022-10-19 10:31:07] INFO [http-nio-8080-exec-1] ContextStartEventHandler.createTable(37) | Table HN_USER already exists!
[2022-10-19 10:32:42] INFO [SpringApplicationShutdownHook] ContextStartEventHandler.onApplicationEvent(20) | Context start application org.springframework.jdbc.datasource.DriverManagerDataSource@67efd2c2
[2022-10-19 10:32:42] INFO [SpringApplicationShutdownHook] ContextStartEventHandler.createTable(37) | Table HN_USER already exists!
[2022-10-19 10:32:42] INFO [SpringApplicationShutdownHook] ContextStartEventHandler.onApplicationEvent(20) | Context start application org.springframework.jdbc.datasource.DriverManagerDataSource@67efd2c2
[2022-10-19 10:32:42] INFO [SpringApplicationShutdownHook] ContextStartEventHandler.createTable(37) | Table HN_USER already exists!
[2022-10-19 10:32:52] INFO [main] ContextStartEventHandler.onApplicationEvent(20) | Context start application org.springframework.jdbc.datasource.DriverManagerDataSource@3dfa819
[2022-10-19 10:32:52] INFO [main] ContextStartEventHandler.createTable(37) | Table HN_USER already exists!
[2022-10-19 10:32:52] INFO [main] ContextStartEventHandler.onApplicationEvent(20) | Context start application org.springframework.jdbc.datasource.DriverManagerDataSource@3dfa819
[2022-10-19 10:32:52] INFO [main] ContextStartEventHandler.createTable(37) | Table HN_USER already exists!
[2022-10-19 10:32:52] INFO [main] ContextStartEventHandler.onApplicationEvent(20) | Context start application org.springframework.jdbc.datasource.DriverManagerDataSource@3dfa819
[2022-10-19 10:32:52] INFO [main] ContextStartEventHandler.createTable(37) | Table HN_USER already exists!
[2022-10-19 10:32:52] INFO [main] ContextStartEventHandler.onApplicationEvent(20) | Context start application org.springframework.jdbc.datasource.DriverManagerDataSource@3dfa819
[2022-10-19 10:32:52] INFO [main] ContextStartEventHandler.createTable(37) | Table HN_USER already exists!
[2022-10-19 10:32:52] INFO [main] ContextStartEventHandler.onApplicationEvent(20) | Context start application org.springframework.jdbc.datasource.DriverManagerDataSource@3dfa819
[2022-10-19 10:32:52] INFO [main] ContextStartEventHandler.createTable(37) | Table HN_USER already exists!
[2022-10-19 10:32:52] INFO [main] ContextStartEventHandler.onApplicationEvent(20) | Context start application org.springframework.jdbc.datasource.DriverManagerDataSource@3dfa819
[2022-10-19 10:32:52] INFO [main] ContextStartEventHandler.createTable(37) | Table HN_USER already exists!
[2022-10-19 10:32:52] INFO [main] ContextStartEventHandler.onApplicationEvent(20) | Context start application org.springframework.jdbc.datasource.DriverManagerDataSource@3dfa819
[2022-10-19 10:32:52] INFO [main] ContextStartEventHandler.createTable(37) | Table HN_USER already exists!
[2022-10-19 10:32:55] INFO [http-nio-8080-exec-1] ContextStartEventHandler.onApplicationEvent(20) | Context start application org.springframework.jdbc.datasource.DriverManagerDataSource@3dfa819
[2022-10-19 10:32:55] INFO [http-nio-8080-exec-1] ContextStartEventHandler.createTable(37) | Table HN_USER already exists!
[2022-10-19 10:32:59] INFO [http-nio-8080-exec-4] ContextStartEventHandler.onApplicationEvent(20) | Context start application org.springframework.jdbc.datasource.DriverManagerDataSource@3dfa819
[2022-10-19 10:32:59] INFO [http-nio-8080-exec-4] ContextStartEventHandler.createTable(37) | Table HN_USER already exists!
[2022-10-19 10:33:00] INFO [http-nio-8080-exec-5] ContextStartEventHandler.onApplicationEvent(20) | Context start application org.springframework.jdbc.datasource.DriverManagerDataSource@3dfa819
[2022-10-19 10:33:00] INFO [http-nio-8080-exec-5] ContextStartEventHandler.createTable(37) | Table HN_USER already exists!
[2022-10-19 10:33:03] INFO [http-nio-8080-exec-6] ContextStartEventHandler.onApplicationEvent(20) | Context start application org.springframework.jdbc.datasource.DriverManagerDataSource@3dfa819
[2022-10-19 10:33:03] INFO [http-nio-8080-exec-6] ContextStartEventHandler.createTable(37) | Table HN_USER already exists!
[2022-10-19 10:33:04] INFO [http-nio-8080-exec-6] ContextStartEventHandler.onApplicationEvent(20) | Context start application org.springframework.jdbc.datasource.DriverManagerDataSource@3dfa819
[2022-10-19 10:33:04] INFO [http-nio-8080-exec-6] ContextStartEventHandler.createTable(37) | Table HN_USER already exists!
[2022-10-19 10:33:04] INFO [http-nio-8080-exec-6] ContextStartEventHandler.onApplicationEvent(20) | Context start application org.springframework.jdbc.datasource.DriverManagerDataSource@3dfa819
[2022-10-19 10:33:04] INFO [http-nio-8080-exec-6] ContextStartEventHandler.createTable(37) | Table HN_USER already exists!
[2022-10-19 10:35:06] INFO [http-nio-8080-exec-9] ContextStartEventHandler.onApplicationEvent(20) | Context start application org.springframework.jdbc.datasource.DriverManagerDataSource@3dfa819
[2022-10-19 10:35:06] INFO [http-nio-8080-exec-9] ContextStartEventHandler.createTable(37) | Table HN_USER already exists!
[2022-10-19 10:35:13] INFO [http-nio-8080-exec-10] ContextStartEventHandler.onApplicationEvent(20) | Context start application org.springframework.jdbc.datasource.DriverManagerDataSource@3dfa819
[2022-10-19 10:35:13] INFO [http-nio-8080-exec-10] ContextStartEventHandler.createTable(37) | Table HN_USER already exists!
[2022-10-19 10:35:13] INFO [http-nio-8080-exec-10] ContextStartEventHandler.onApplicationEvent(20) | Context start application org.springframework.jdbc.datasource.DriverManagerDataSource@3dfa819
[2022-10-19 10:35:13] INFO [http-nio-8080-exec-10] ContextStartEventHandler.createTable(37) | Table HN_USER already exists!
[2022-10-19 10:35:13] INFO [http-nio-8080-exec-10] ContextStartEventHandler.onApplicationEvent(20) | Context start application org.springframework.jdbc.datasource.DriverManagerDataSource@3dfa819
[2022-10-19 10:35:13] INFO [http-nio-8080-exec-10] ContextStartEventHandler.createTable(37) | Table HN_USER already exists!
[2022-10-19 10:36:55] INFO [SpringApplicationShutdownHook] ContextStartEventHandler.onApplicationEvent(20) | Context start application org.springframework.jdbc.datasource.DriverManagerDataSource@3dfa819
[2022-10-19 10:36:55] INFO [SpringApplicationShutdownHook] ContextStartEventHandler.createTable(37) | Table HN_USER already exists!
[2022-10-19 10:36:55] INFO [SpringApplicationShutdownHook] ContextStartEventHandler.onApplicationEvent(20) | Context start application org.springframework.jdbc.datasource.DriverManagerDataSource@3dfa819
[2022-10-19 10:36:55] INFO [SpringApplicationShutdownHook] ContextStartEventHandler.createTable(37) | Table HN_USER already exists!
[2022-10-19 10:37:04] INFO [main] ContextStartEventHandler.onApplicationEvent(20) | Context start application org.springframework.jdbc.datasource.DriverManagerDataSource@c27a3a2
[2022-10-19 10:37:04] INFO [main] ContextStartEventHandler.createTable(37) | Table HN_USER already exists!
[2022-10-19 10:37:04] INFO [main] ContextStartEventHandler.onApplicationEvent(20) | Context start application org.springframework.jdbc.datasource.DriverManagerDataSource@c27a3a2
[2022-10-19 10:37:04] INFO [main] ContextStartEventHandler.createTable(37) | Table HN_USER already exists!
[2022-10-19 10:37:04] INFO [main] ContextStartEventHandler.onApplicationEvent(20) | Context start application org.springframework.jdbc.datasource.DriverManagerDataSource@c27a3a2
[2022-10-19 10:37:04] INFO [main] ContextStartEventHandler.createTable(37) | Table HN_USER already exists!
[2022-10-19 10:37:04] INFO [main] ContextStartEventHandler.onApplicationEvent(20) | Context start application org.springframework.jdbc.datasource.DriverManagerDataSource@c27a3a2
[2022-10-19 10:37:04] INFO [main] ContextStartEventHandler.createTable(37) | Table HN_USER already exists!
[2022-10-19 10:37:04] INFO [main] ContextStartEventHandler.onApplicationEvent(20) | Context start application org.springframework.jdbc.datasource.DriverManagerDataSource@c27a3a2
[2022-10-19 10:37:04] INFO [main] ContextStartEventHandler.createTable(37) | Table HN_USER already exists!
[2022-10-19 10:37:04] INFO [main] ContextStartEventHandler.onApplicationEvent(20) | Context start application org.springframework.jdbc.datasource.DriverManagerDataSource@c27a3a2
[2022-10-19 10:37:04] INFO [main] ContextStartEventHandler.createTable(37) | Table HN_USER already exists!
[2022-10-19 10:37:04] INFO [main] ContextStartEventHandler.onApplicationEvent(20) | Context start application org.springframework.jdbc.datasource.DriverManagerDataSource@c27a3a2
[2022-10-19 10:37:04] INFO [main] ContextStartEventHandler.createTable(37) | Table HN_USER already exists!
[2022-10-19 10:37:09] INFO [http-nio-8080-exec-1] ContextStartEventHandler.onApplicationEvent(20) | Context start application org.springframework.jdbc.datasource.DriverManagerDataSource@c27a3a2
[2022-10-19 10:37:09] INFO [http-nio-8080-exec-1] ContextStartEventHandler.createTable(37) | Table HN_USER already exists!
[2022-10-19 10:37:09] INFO [http-nio-8080-exec-1] ContextStartEventHandler.onApplicationEvent(20) | Context start application org.springframework.jdbc.datasource.DriverManagerDataSource@c27a3a2
[2022-10-19 10:37:09] INFO [http-nio-8080-exec-1] ContextStartEventHandler.createTable(37) | Table HN_USER already exists!
[2022-10-19 10:37:10] INFO [http-nio-8080-exec-1] ContextStartEventHandler.onApplicationEvent(20) | Context start application org.springframework.jdbc.datasource.DriverManagerDataSource@c27a3a2
[2022-10-19 10:37:10] INFO [http-nio-8080-exec-1] ContextStartEventHandler.createTable(37) | Table HN_USER already exists!
[2022-10-19 10:37:16] INFO [http-nio-8080-exec-2] ContextStartEventHandler.onApplicationEvent(20) | Context start application org.springframework.jdbc.datasource.DriverManagerDataSource@c27a3a2
[2022-10-19 10:37:16] INFO [http-nio-8080-exec-2] ContextStartEventHandler.createTable(37) | Table HN_USER already exists!
[2022-10-19 10:37:17] INFO [http-nio-8080-exec-2] ContextStartEventHandler.onApplicationEvent(20) | Context start application org.springframework.jdbc.datasource.DriverManagerDataSource@c27a3a2
[2022-10-19 10:37:17] INFO [http-nio-8080-exec-2] ContextStartEventHandler.createTable(37) | Table HN_USER already exists!
[2022-10-19 10:37:20] INFO [http-nio-8080-exec-4] ContextStartEventHandler.onApplicationEvent(20) | Context start application org.springframework.jdbc.datasource.DriverManagerDataSource@c27a3a2
[2022-10-19 10:37:20] INFO [http-nio-8080-exec-4] ContextStartEventHandler.createTable(37) | Table HN_USER already exists!
[2022-10-19 10:37:20] INFO [http-nio-8080-exec-3] ContextStartEventHandler.onApplicationEvent(20) | Context start application org.springframework.jdbc.datasource.DriverManagerDataSource@c27a3a2
[2022-10-19 10:37:20] INFO [http-nio-8080-exec-3] ContextStartEventHandler.createTable(37) | Table HN_USER already exists!
[2022-10-19 10:37:21] INFO [http-nio-8080-exec-7] ContextStartEventHandler.onApplicationEvent(20) | Context start application org.springframework.jdbc.datasource.DriverManagerDataSource@c27a3a2
[2022-10-19 10:37:21] INFO [http-nio-8080-exec-7] ContextStartEventHandler.createTable(37) | Table HN_USER already exists!
[2022-10-19 10:37:21] INFO [http-nio-8080-exec-8] ContextStartEventHandler.onApplicationEvent(20) | Context start application org.springframework.jdbc.datasource.DriverManagerDataSource@c27a3a2
[2022-10-19 10:37:21] INFO [http-nio-8080-exec-8] ContextStartEventHandler.createTable(37) | Table HN_USER already exists!
[2022-10-19 10:37:26] INFO [http-nio-8080-exec-9] ContextStartEventHandler.onApplicationEvent(20) | Context start application org.springframework.jdbc.datasource.DriverManagerDataSource@c27a3a2
[2022-10-19 10:37:26] INFO [http-nio-8080-exec-9] ContextStartEventHandler.createTable(37) | Table HN_USER already exists!
[2022-10-19 10:37:26] INFO [http-nio-8080-exec-9] ContextStartEventHandler.onApplicationEvent(20) | Context start application org.springframework.jdbc.datasource.DriverManagerDataSource@c27a3a2
[2022-10-19 10:37:26] INFO [http-nio-8080-exec-9] ContextStartEventHandler.createTable(37) | Table HN_USER already exists!
[2022-10-19 10:37:26] INFO [http-nio-8080-exec-9] ContextStartEventHandler.onApplicationEvent(20) | Context start application org.springframework.jdbc.datasource.DriverManagerDataSource@c27a3a2
[2022-10-19 10:37:26] INFO [http-nio-8080-exec-9] ContextStartEventHandler.createTable(37) | Table HN_USER already exists!
[2022-10-19 10:38:09] INFO [SpringApplicationShutdownHook] ContextStartEventHandler.onApplicationEvent(20) | Context start application org.springframework.jdbc.datasource.DriverManagerDataSource@c27a3a2
[2022-10-19 10:38:09] INFO [SpringApplicationShutdownHook] ContextStartEventHandler.createTable(37) | Table HN_USER already exists!
[2022-10-19 10:38:09] INFO [SpringApplicationShutdownHook] ContextStartEventHandler.onApplicationEvent(20) | Context start application org.springframework.jdbc.datasource.DriverManagerDataSource@c27a3a2
[2022-10-19 10:38:09] INFO [SpringApplicationShutdownHook] ContextStartEventHandler.createTable(37) | Table HN_USER already exists!
[2022-10-19 10:38:20] INFO [main] ContextStartEventHandler.onApplicationEvent(20) | Context start application org.springframework.jdbc.datasource.DriverManagerDataSource@5460b754
[2022-10-19 10:38:20] INFO [main] ContextStartEventHandler.createTable(37) | Table HN_USER already exists!
[2022-10-19 10:38:20] INFO [main] ContextStartEventHandler.onApplicationEvent(20) | Context start application org.springframework.jdbc.datasource.DriverManagerDataSource@5460b754
[2022-10-19 10:38:20] INFO [main] ContextStartEventHandler.createTable(37) | Table HN_USER already exists!
[2022-10-19 10:38:20] INFO [main] ContextStartEventHandler.onApplicationEvent(20) | Context start application org.springframework.jdbc.datasource.DriverManagerDataSource@5460b754
[2022-10-19 10:38:20] INFO [main] ContextStartEventHandler.createTable(37) | Table HN_USER already exists!
[2022-10-19 10:38:20] INFO [main] ContextStartEventHandler.onApplicationEvent(20) | Context start application org.springframework.jdbc.datasource.DriverManagerDataSource@5460b754
[2022-10-19 10:38:20] INFO [main] ContextStartEventHandler.createTable(37) | Table HN_USER already exists!
[2022-10-19 10:38:20] INFO [main] ContextStartEventHandler.onApplicationEvent(20) | Context start application org.springframework.jdbc.datasource.DriverManagerDataSource@5460b754
[2022-10-19 10:38:20] INFO [main] ContextStartEventHandler.createTable(37) | Table HN_USER already exists!
[2022-10-19 10:38:20] INFO [main] ContextStartEventHandler.onApplicationEvent(20) | Context start application org.springframework.jdbc.datasource.DriverManagerDataSource@5460b754
[2022-10-19 10:38:20] INFO [main] ContextStartEventHandler.createTable(37) | Table HN_USER already exists!
[2022-10-19 10:38:20] INFO [main] ContextStartEventHandler.onApplicationEvent(20) | Context start application org.springframework.jdbc.datasource.DriverManagerDataSource@5460b754
[2022-10-19 10:38:20] INFO [main] ContextStartEventHandler.createTable(37) | Table HN_USER already exists!
[2022-10-19 10:38:24] INFO [http-nio-8080-exec-2] ContextStartEventHandler.onApplicationEvent(20) | Context start application org.springframework.jdbc.datasource.DriverManagerDataSource@5460b754
[2022-10-19 10:38:24] INFO [http-nio-8080-exec-2] ContextStartEventHandler.createTable(37) | Table HN_USER already exists!
[2022-10-19 10:38:26] INFO [http-nio-8080-exec-1] ContextStartEventHandler.onApplicationEvent(20) | Context start application org.springframework.jdbc.datasource.DriverManagerDataSource@5460b754
[2022-10-19 10:38:26] INFO [http-nio-8080-exec-1] ContextStartEventHandler.createTable(37) | Table HN_USER already exists!
[2022-10-19 10:38:29] INFO [http-nio-8080-exec-3] ContextStartEventHandler.onApplicationEvent(20) | Context start application org.springframework.jdbc.datasource.DriverManagerDataSource@5460b754
[2022-10-19 10:38:29] INFO [http-nio-8080-exec-3] ContextStartEventHandler.createTable(37) | Table HN_USER already exists!
[2022-10-19 10:38:30] INFO [http-nio-8080-exec-5] ContextStartEventHandler.onApplicationEvent(20) | Context start application org.springframework.jdbc.datasource.DriverManagerDataSource@5460b754
[2022-10-19 10:38:30] INFO [http-nio-8080-exec-5] ContextStartEventHandler.createTable(37) | Table HN_USER already exists!
[2022-10-19 10:38:37] INFO [http-nio-8080-exec-7] ContextStartEventHandler.onApplicationEvent(20) | Context start application org.springframework.jdbc.datasource.DriverManagerDataSource@5460b754
[2022-10-19 10:38:37] INFO [http-nio-8080-exec-7] ContextStartEventHandler.createTable(37) | Table HN_USER already exists!
[2022-10-19 10:38:37] INFO [http-nio-8080-exec-8] ContextStartEventHandler.onApplicationEvent(20) | Context start application org.springframework.jdbc.datasource.DriverManagerDataSource@5460b754
[2022-10-19 10:38:37] INFO [http-nio-8080-exec-8] ContextStartEventHandler.createTable(37) | Table HN_USER already exists!
[2022-10-19 10:38:43] INFO [http-nio-8080-exec-2] ContextStartEventHandler.onApplicationEvent(20) | Context start application org.springframework.jdbc.datasource.DriverManagerDataSource@5460b754
[2022-10-19 10:38:43] INFO [http-nio-8080-exec-2] ContextStartEventHandler.createTable(37) | Table HN_USER already exists!
[2022-10-19 10:38:43] INFO [http-nio-8080-exec-2] ContextStartEventHandler.onApplicationEvent(20) | Context start application org.springframework.jdbc.datasource.DriverManagerDataSource@5460b754
[2022-10-19 10:38:43] INFO [http-nio-8080-exec-2] ContextStartEventHandler.createTable(37) | Table HN_USER already exists!
[2022-10-19 10:38:43] INFO [http-nio-8080-exec-2] ContextStartEventHandler.onApplicationEvent(20) | Context start application org.springframework.jdbc.datasource.DriverManagerDataSource@5460b754
[2022-10-19 10:38:43] INFO [http-nio-8080-exec-2] ContextStartEventHandler.createTable(37) | Table HN_USER already exists!
[2022-10-19 10:38:43] INFO [http-nio-8080-exec-1] ContextStartEventHandler.onApplicationEvent(20) | Context start application org.springframework.jdbc.datasource.DriverManagerDataSource@5460b754
[2022-10-19 10:38:43] INFO [http-nio-8080-exec-1] ContextStartEventHandler.createTable(37) | Table HN_USER already exists!
[2022-10-19 10:39:07] INFO [SpringApplicationShutdownHook] ContextStartEventHandler.onApplicationEvent(20) | Context start application org.springframework.jdbc.datasource.DriverManagerDataSource@5460b754
[2022-10-19 10:39:07] INFO [SpringApplicationShutdownHook] ContextStartEventHandler.createTable(37) | Table HN_USER already exists!
[2022-10-19 10:39:07] INFO [SpringApplicationShutdownHook] ContextStartEventHandler.onApplicationEvent(20) | Context start application org.springframework.jdbc.datasource.DriverManagerDataSource@5460b754
[2022-10-19 10:39:07] INFO [SpringApplicationShutdownHook] ContextStartEventHandler.createTable(37) | Table HN_USER already exists!
